0 info it worked if it ends with ok
1 verbose cli [ 'D:\\nodejs\\\\node.exe',
1 verbose cli   'D:\\nodejs\\node_modules\\npm\\bin\\npm-cli.js',
1 verbose cli   'install',
1 verbose cli   'mongodb',
1 verbose cli   '-g' ]
2 info using npm@1.4.28
3 info using node@v0.10.33
4 verbose node symlink D:\nodejs\\node.exe
5 error EEXIST, mkdir 'C:\Documents and Settings\Administrator\Application Data\npm'
File exists: C:\Documents and Settings\Administrator\Application Data\npm
Move it away, and try again.
6 error System Windows_NT 5.1.2600
7 error command "D:\\nodejs\\\\node.exe" "D:\\nodejs\\node_modules\\npm\\bin\\npm-cli.js" "install" "mongodb" "-g"
8 error cwd D:\git\xs
9 error node -v v0.10.33
10 error npm -v 1.4.28
11 error path C:\Documents and Settings\Administrator\Application Data\npm
12 error code EEXIST
13 error errno 47
14 verbose exit [ 47, true ]
